  [1m[35m (0.1ms)[0m  [1m[34mSELECT sqlite_version(*)[0m
  ↳ bin/rails:9
  [1m[35m (2.2ms)[0m  [1m[35mCREATE TABLE "schema_migrations" ("version" varchar NOT NULL PRIMARY KEY)[0m
  ↳ bin/rails:9
  [1m[35m (2.1ms)[0m  [1m[35mCREATE TABLE "ar_internal_metadata" ("key" varchar NOT NULL PRIMARY KEY, "value" varchar, "created_at" datetime NOT NULL, "updated_at" datetime NOT NULL)[0m
  ↳ bin/rails:9
  [1m[35m (0.1ms)[0m  [1m[34mSELECT "schema_migrations"."version" FROM "schema_migrations" ORDER BY "schema_migrations"."version" ASC[0m
  ↳ bin/rails:9
Migrating to CreateDoctors (20191024151902)
  [1m[35m (0.1ms)[0m  [1m[36mbegin transaction[0m
  ↳ bin/rails:9
  [1m[35m (0.9ms)[0m  [1m[35mCREATE TABLE "doctors" ("id" integer PRIMARY KEY AUTOINCREMENT NOT NULL, "first_name" varchar, "last_name" varchar, "speciality" varchar, "zip_code" varchar, "created_at" datetime NOT NULL, "updated_at" datetime NOT NULL)[0m
  ↳ db/migrate/20191024151902_create_doctors.rb:3
  [1m[36mActiveRecord::SchemaMigration Create (0.5ms)[0m  [1m[32mINSERT INTO "schema_migrations" ("version") VALUES (?)[0m  [["version", "20191024151902"]]
  ↳ bin/rails:9
  [1m[35m (2.1ms)[0m  [1m[36mcommit transaction[0m
  ↳ bin/rails:9
Migrating to CreatePatients (20191024151908)
  [1m[35m (0.1ms)[0m  [1m[36mbegin transaction[0m
  ↳ bin/rails:9
  [1m[35m (0.4ms)[0m  [1m[35mCREATE TABLE "patients" ("id" integer PRIMARY KEY AUTOINCREMENT NOT NULL, "first_name" varchar, "last_name" varchar, "created_at" datetime NOT NULL, "updated_at" datetime NOT NULL)[0m
  ↳ db/migrate/20191024151908_create_patients.rb:3
  [1m[36mActiveRecord::SchemaMigration Create (0.2ms)[0m  [1m[32mINSERT INTO "schema_migrations" ("version") VALUES (?)[0m  [["version", "20191024151908"]]
  ↳ bin/rails:9
  [1m[35m (1.6ms)[0m  [1m[36mcommit transaction[0m
  ↳ bin/rails:9
Migrating to CreateAppointments (20191024151916)
  [1m[35m (0.0ms)[0m  [1m[36mbegin transaction[0m
  ↳ bin/rails:9
  [1m[35m (0.5ms)[0m  [1m[35mCREATE TABLE "appointments" ("id" integer PRIMARY KEY AUTOINCREMENT NOT NULL, "date" datetime, "created_at" datetime NOT NULL, "updated_at" datetime NOT NULL)[0m
  ↳ db/migrate/20191024151916_create_appointments.rb:3
  [1m[36mActiveRecord::SchemaMigration Create (0.2ms)[0m  [1m[32mINSERT INTO "schema_migrations" ("version") VALUES (?)[0m  [["version", "20191024151916"]]
  ↳ bin/rails:9
  [1m[35m (2.0ms)[0m  [1m[36mcommit transaction[0m
  ↳ bin/rails:9
Migrating to CreateCities (20191024151931)
  [1m[35m (0.1ms)[0m  [1m[36mbegin transaction[0m
  ↳ bin/rails:9
  [1m[35m (0.9ms)[0m  [1m[35mCREATE TABLE "cities" ("id" integer PRIMARY KEY AUTOINCREMENT NOT NULL, "name" varchar, "created_at" datetime NOT NULL, "updated_at" datetime NOT NULL)[0m
  ↳ db/migrate/20191024151931_create_cities.rb:3
  [1m[36mActiveRecord::SchemaMigration Create (0.2ms)[0m  [1m[32mINSERT INTO "schema_migrations" ("version") VALUES (?)[0m  [["version", "20191024151931"]]
  ↳ bin/rails:9
  [1m[35m (2.9ms)[0m  [1m[36mcommit transaction[0m
  ↳ bin/rails:9
Migrating to Lien (20191024160044)
  [1m[35m (0.1ms)[0m  [1m[36mbegin transaction[0m
  ↳ bin/rails:9
  [1m[35m (0.5ms)[0m  [1m[35mALTER TABLE "appointments" ADD "doctor_id" integer[0m
  ↳ db/migrate/20191024160044_lien.rb:3
  [1m[35m (0.1ms)[0m  [1m[35mCREATE  INDEX "index_appointments_on_doctor_id" ON "appointments" ("doctor_id")[0m
  ↳ db/migrate/20191024160044_lien.rb:3
  [1m[35m (0.2ms)[0m  [1m[35mALTER TABLE "appointments" ADD "patient_id" integer[0m
  ↳ db/migrate/20191024160044_lien.rb:4
  [1m[35m (0.1ms)[0m  [1m[35mCREATE  INDEX "index_appointments_on_patient_id" ON "appointments" ("patient_id")[0m
  ↳ db/migrate/20191024160044_lien.rb:4
  [1m[35m (0.2ms)[0m  [1m[35mALTER TABLE "doctors" ADD "city_id" integer[0m
  ↳ db/migrate/20191024160044_lien.rb:5
  [1m[35m (0.1ms)[0m  [1m[35mCREATE  INDEX "index_doctors_on_city_id" ON "doctors" ("city_id")[0m
  ↳ db/migrate/20191024160044_lien.rb:5
  [1m[35m (0.2ms)[0m  [1m[35mALTER TABLE "patients" ADD "city_id" integer[0m
  ↳ db/migrate/20191024160044_lien.rb:6
  [1m[35m (0.1ms)[0m  [1m[35mCREATE  INDEX "index_patients_on_city_id" ON "patients" ("city_id")[0m
  ↳ db/migrate/20191024160044_lien.rb:6
  [1m[35m (0.2ms)[0m  [1m[35mALTER TABLE "appointments" ADD "city_id" integer[0m
  ↳ db/migrate/20191024160044_lien.rb:7
  [1m[35m (0.1ms)[0m  [1m[35mCREATE  INDEX "index_appointments_on_city_id" ON "appointments" ("city_id")[0m
  ↳ db/migrate/20191024160044_lien.rb:7
  [1m[36mActiveRecord::SchemaMigration Create (0.2ms)[0m  [1m[32mINSERT INTO "schema_migrations" ("version") VALUES (?)[0m  [["version", "20191024160044"]]
  ↳ bin/rails:9
  [1m[35m (2.0ms)[0m  [1m[36mcommit transaction[0m
  ↳ bin/rails:9
  [1m[36mActiveRecord::InternalMetadata Load (0.2ms)[0m  [1m[34mSELECT  "ar_internal_metadata".* FROM "ar_internal_metadata" WHERE "ar_internal_metadata"."key" = ? LIMIT ?[0m  [["key", "environment"], ["LIMIT", 1]]
  ↳ bin/rails:9
  [1m[35m (0.0ms)[0m  [1m[36mbegin transaction[0m
  ↳ bin/rails:9
  [1m[36mActiveRecord::InternalMetadata Create (0.3ms)[0m  [1m[32mINSERT INTO "ar_internal_metadata" ("key", "value", "created_at", "updated_at") VALUES (?, ?, ?, ?)[0m  [["key", "environment"], ["value", "development"], ["created_at", "2019-10-24 16:05:49.984634"], ["updated_at", "2019-10-24 16:05:49.984634"]]
  ↳ bin/rails:9
  [1m[35m (1.8ms)[0m  [1m[36mcommit transaction[0m
  ↳ bin/rails:9
  [1m[35m (0.2ms)[0m  [1m[34mSELECT "schema_migrations"."version" FROM "schema_migrations" ORDER BY "schema_migrations"."version" ASC[0m
  ↳ bin/rails:9
  [1m[35m (0.1ms)[0m  [1m[34mSELECT "schema_migrations"."version" FROM "schema_migrations" ORDER BY "schema_migrations"."version" ASC[0m
  ↳ bin/rails:9
  [1m[36mDoctor Load (0.2ms)[0m  [1m[34mSELECT "doctors".* FROM "doctors"[0m
  ↳ db/seeds.rb:11
  [1m[36mPatient Load (0.2ms)[0m  [1m[34mSELECT "patients".* FROM "patients"[0m
  ↳ db/seeds.rb:12
  [1m[36mAppointment Load (0.2ms)[0m  [1m[34mSELECT "appointments".* FROM "appointments"[0m
  ↳ db/seeds.rb:13
  [1m[35m (0.0ms)[0m  [1m[36mbegin transaction[0m
  ↳ db/seeds.rb:21
  [1m[36mCity Create (0.5ms)[0m  [1m[32mINSERT INTO "cities" ("name", "created_at", "updated_at") VALUES (?, ?, ?)[0m  [["name", "North Marcelofort"], ["created_at", "2019-10-24 16:13:25.718241"], ["updated_at", "2019-10-24 16:13:25.718241"]]
  ↳ db/seeds.rb:21
  [1m[35m (3.4ms)[0m  [1m[36mcommit transaction[0m
  ↳ db/seeds.rb:21
  [1m[35m (0.1ms)[0m  [1m[36mbegin transaction[0m
  ↳ db/seeds.rb:21
  [1m[36mCity Create (0.6ms)[0m  [1m[32mINSERT INTO "cities" ("name", "created_at", "updated_at") VALUES (?, ?, ?)[0m  [["name", "South Bennie"], ["created_at", "2019-10-24 16:13:25.725741"], ["updated_at", "2019-10-24 16:13:25.725741"]]
  ↳ db/seeds.rb:21
  [1m[35m (1.9ms)[0m  [1m[36mcommit transaction[0m
  ↳ db/seeds.rb:21
  [1m[35m (0.1ms)[0m  [1m[36mbegin transaction[0m
  ↳ db/seeds.rb:21
  [1m[36mCity Create (0.6ms)[0m  [1m[32mINSERT INTO "cities" ("name", "created_at", "updated_at") VALUES (?, ?, ?)[0m  [["name", "Tamikotown"], ["created_at", "2019-10-24 16:13:25.732284"], ["updated_at", "2019-10-24 16:13:25.732284"]]
  ↳ db/seeds.rb:21
  [1m[35m (1.4ms)[0m  [1m[36mcommit transaction[0m
  ↳ db/seeds.rb:21
  [1m[35m (0.0ms)[0m  [1m[36mbegin transaction[0m
  ↳ db/seeds.rb:21
  [1m[36mCity Create (0.3ms)[0m  [1m[32mINSERT INTO "cities" ("name", "created_at", "updated_at") VALUES (?, ?, ?)[0m  [["name", "Gottliebberg"], ["created_at", "2019-10-24 16:13:25.737063"], ["updated_at", "2019-10-24 16:13:25.737063"]]
  ↳ db/seeds.rb:21
  [1m[35m (2.3ms)[0m  [1m[36mcommit transaction[0m
  ↳ db/seeds.rb:21
  [1m[35m (0.1ms)[0m  [1m[36mbegin transaction[0m
  ↳ db/seeds.rb:21
  [1m[36mCity Create (0.4ms)[0m  [1m[32mINSERT INTO "cities" ("name", "created_at", "updated_at") VALUES (?, ?, ?)[0m  [["name", "Lake Ilona"], ["created_at", "2019-10-24 16:13:25.742081"], ["updated_at", "2019-10-24 16:13:25.742081"]]
  ↳ db/seeds.rb:21
  [1m[35m (1.9ms)[0m  [1m[36mcommit transaction[0m
  ↳ db/seeds.rb:21
  [1m[35m (0.0ms)[0m  [1m[36mbegin transaction[0m
  ↳ db/seeds.rb:21
  [1m[36mCity Create (0.4ms)[0m  [1m[32mINSERT INTO "cities" ("name", "created_at", "updated_at") VALUES (?, ?, ?)[0m  [["name", "Glennisborough"], ["created_at", "2019-10-24 16:13:25.746062"], ["updated_at", "2019-10-24 16:13:25.746062"]]
  ↳ db/seeds.rb:21
  [1m[35m (1.9ms)[0m  [1m[36mcommit transaction[0m
  ↳ db/seeds.rb:21
  [1m[35m (0.1ms)[0m  [1m[36mbegin transaction[0m
  ↳ db/seeds.rb:27
  [1m[36mDoctor Create (0.4ms)[0m  [1m[32mINSERT INTO "doctors" ("id", "first_name", "last_name", "speciality", "zip_code", "created_at", "updated_at", "city_id") VALUES (?, ?, ?, ?, ?, ?, ?, ?)[0m  [["id", 0], ["first_name", "Peter"], ["last_name", "Champlin"], ["speciality", "Docteur de la tête"], ["zip_code", "20639"], ["created_at", "2019-10-24 16:13:25.758955"], ["updated_at", "2019-10-24 16:13:25.758955"], ["city_id", 2]]
  ↳ db/seeds.rb:27
  [1m[35m (1.8ms)[0m  [1m[36mcommit transaction[0m
  ↳ db/seeds.rb:27
  [1m[35m (0.0ms)[0m  [1m[36mbegin transaction[0m
  ↳ db/seeds.rb:29
  [1m[36mPatient Create (0.4ms)[0m  [1m[32mINSERT INTO "patients" ("id", "first_name", "last_name", "created_at", "updated_at", "city_id") VALUES (?, ?, ?, ?, ?, ?)[0m  [["id", 0], ["first_name", "Cedric"], ["last_name", "Kreiger"], ["created_at", "2019-10-24 16:13:25.768303"], ["updated_at", "2019-10-24 16:13:25.768303"], ["city_id", 3]]
  ↳ db/seeds.rb:29
  [1m[35m (2.4ms)[0m  [1m[36mcommit transaction[0m
  ↳ db/seeds.rb:29
  [1m[35m (0.2ms)[0m  [1m[34mSELECT "schema_migrations"."version" FROM "schema_migrations" ORDER BY "schema_migrations"."version" ASC[0m
  ↳ bin/rails:9
  [1m[36mDoctor Load (0.2ms)[0m  [1m[34mSELECT "doctors".* FROM "doctors"[0m
  ↳ db/seeds.rb:11
  [1m[35m (0.1ms)[0m  [1m[36mbegin transaction[0m
  ↳ db/seeds.rb:11
  [1m[36mDoctor Destroy (0.5ms)[0m  [1m[31mDELETE FROM "doctors" WHERE "doctors"."id" = ?[0m  [["id", 0]]
  ↳ db/seeds.rb:11
  [1m[35m (1.9ms)[0m  [1m[36mcommit transaction[0m
  ↳ db/seeds.rb:11
  [1m[36mPatient Load (0.2ms)[0m  [1m[34mSELECT "patients".* FROM "patients"[0m
  ↳ db/seeds.rb:12
  [1m[35m (0.1ms)[0m  [1m[36mbegin transaction[0m
  ↳ db/seeds.rb:12
  [1m[36mPatient Destroy (0.4ms)[0m  [1m[31mDELETE FROM "patients" WHERE "patients"."id" = ?[0m  [["id", 0]]
  ↳ db/seeds.rb:12
  [1m[35m (1.5ms)[0m  [1m[36mcommit transaction[0m
  ↳ db/seeds.rb:12
  [1m[36mAppointment Load (0.2ms)[0m  [1m[34mSELECT "appointments".* FROM "appointments"[0m
  ↳ db/seeds.rb:13
  [1m[35m (0.0ms)[0m  [1m[36mbegin transaction[0m
  ↳ db/seeds.rb:21
  [1m[36mCity Create (0.4ms)[0m  [1m[32mINSERT INTO "cities" ("name", "created_at", "updated_at") VALUES (?, ?, ?)[0m  [["name", "East Marceleneport"], ["created_at", "2019-10-24 16:13:44.041517"], ["updated_at", "2019-10-24 16:13:44.041517"]]
  ↳ db/seeds.rb:21
  [1m[35m (1.9ms)[0m  [1m[36mcommit transaction[0m
  ↳ db/seeds.rb:21
  [1m[35m (0.1ms)[0m  [1m[36mbegin transaction[0m
  ↳ db/seeds.rb:21
  [1m[36mCity Create (0.4ms)[0m  [1m[32mINSERT INTO "cities" ("name", "created_at", "updated_at") VALUES (?, ?, ?)[0m  [["name", "Kieramouth"], ["created_at", "2019-10-24 16:13:44.045940"], ["updated_at", "2019-10-24 16:13:44.045940"]]
  ↳ db/seeds.rb:21
  [1m[35m (1.7ms)[0m  [1m[36mcommit transaction[0m
  ↳ db/seeds.rb:21
  [1m[35m (0.1ms)[0m  [1m[36mbegin transaction[0m
  ↳ db/seeds.rb:21
  [1m[36mCity Create (0.3ms)[0m  [1m[32mINSERT INTO "cities" ("name", "created_at", "updated_at") VALUES (?, ?, ?)[0m  [["name", "Andreeborough"], ["created_at", "2019-10-24 16:13:44.051679"], ["updated_at", "2019-10-24 16:13:44.051679"]]
  ↳ db/seeds.rb:21
  [1m[35m (1.8ms)[0m  [1m[36mcommit transaction[0m
  ↳ db/seeds.rb:21
  [1m[35m (0.1ms)[0m  [1m[36mbegin transaction[0m
  ↳ db/seeds.rb:21
  [1m[36mCity Create (0.4ms)[0m  [1m[32mINSERT INTO "cities" ("name", "created_at", "updated_at") VALUES (?, ?, ?)[0m  [["name", "Randolphstad"], ["created_at", "2019-10-24 16:13:44.055449"], ["updated_at", "2019-10-24 16:13:44.055449"]]
  ↳ db/seeds.rb:21
  [1m[35m (1.9ms)[0m  [1m[36mcommit transaction[0m
  ↳ db/seeds.rb:21
  [1m[35m (0.0ms)[0m  [1m[36mbegin transaction[0m
  ↳ db/seeds.rb:21
  [1m[36mCity Create (0.4ms)[0m  [1m[32mINSERT INTO "cities" ("name", "created_at", "updated_at") VALUES (?, ?, ?)[0m  [["name", "Harberberg"], ["created_at", "2019-10-24 16:13:44.059291"], ["updated_at", "2019-10-24 16:13:44.059291"]]
  ↳ db/seeds.rb:21
  [1m[35m (1.7ms)[0m  [1m[36mcommit transaction[0m
  ↳ db/seeds.rb:21
  [1m[35m (0.0ms)[0m  [1m[36mbegin transaction[0m
  ↳ db/seeds.rb:21
  [1m[36mCity Create (0.3ms)[0m  [1m[32mINSERT INTO "cities" ("name", "created_at", "updated_at") VALUES (?, ?, ?)[0m  [["name", "Lake Chasidy"], ["created_at", "2019-10-24 16:13:44.062983"], ["updated_at", "2019-10-24 16:13:44.062983"]]
  ↳ db/seeds.rb:21
  [1m[35m (2.0ms)[0m  [1m[36mcommit transaction[0m
  ↳ db/seeds.rb:21
  [1m[35m (0.1ms)[0m  [1m[36mbegin transaction[0m
  ↳ db/seeds.rb:27
  [1m[36mDoctor Create (0.4ms)[0m  [1m[32mINSERT INTO "doctors" ("id", "first_name", "last_name", "speciality", "zip_code", "created_at", "updated_at", "city_id") VALUES (?, ?, ?, ?, ?, ?, ?, ?)[0m  [["id", 0], ["first_name", "Everett"], ["last_name", "Schultz"], ["speciality", "Docteur des pieds"], ["zip_code", "34598"], ["created_at", "2019-10-24 16:13:44.070191"], ["updated_at", "2019-10-24 16:13:44.070191"], ["city_id", 11]]
  ↳ db/seeds.rb:27
  [1m[35m (2.0ms)[0m  [1m[36mcommit transaction[0m
  ↳ db/seeds.rb:27
  [1m[35m (0.1ms)[0m  [1m[36mbegin transaction[0m
  ↳ db/seeds.rb:29
  [1m[36mPatient Create (0.4ms)[0m  [1m[32mINSERT INTO "patients" ("id", "first_name", "last_name", "created_at", "updated_at", "city_id") VALUES (?, ?, ?, ?, ?, ?)[0m  [["id", 0], ["first_name", "Phebe"], ["last_name", "Lebsack"], ["created_at", "2019-10-24 16:13:44.075403"], ["updated_at", "2019-10-24 16:13:44.075403"], ["city_id", 10]]
  ↳ db/seeds.rb:29
  [1m[35m (1.8ms)[0m  [1m[36mcommit transaction[0m
  ↳ db/seeds.rb:29
  [1m[35m (0.0ms)[0m  [1m[36mbegin transaction[0m
  ↳ db/seeds.rb:27
  [1m[36mDoctor Create (0.4ms)[0m  [1m[32mINSERT INTO "doctors" ("id", "first_name", "last_name", "speciality", "zip_code", "created_at", "updated_at", "city_id") VALUES (?, ?, ?, ?, ?, ?, ?, ?)[0m  [["id", 1], ["first_name", "Markus"], ["last_name", "Hayes"], ["speciality", "Docteur du ventre"], ["zip_code", "60940"], ["created_at", "2019-10-24 16:13:44.079559"], ["updated_at", "2019-10-24 16:13:44.079559"], ["city_id", 8]]
  ↳ db/seeds.rb:27
  [1m[35m (1.9ms)[0m  [1m[36mcommit transaction[0m
  ↳ db/seeds.rb:27
  [1m[35m (0.1ms)[0m  [1m[36mbegin transaction[0m
  ↳ db/seeds.rb:29
  [1m[36mPatient Create (0.5ms)[0m  [1m[32mINSERT INTO "patients" ("id", "first_name", "last_name", "created_at", "updated_at", "city_id") VALUES (?, ?, ?, ?, ?, ?)[0m  [["id", 1], ["first_name", "Johana"], ["last_name", "Dickens"], ["created_at", "2019-10-24 16:13:44.083899"], ["updated_at", "2019-10-24 16:13:44.083899"], ["city_id", 9]]
  ↳ db/seeds.rb:29
  [1m[35m (2.0ms)[0m  [1m[36mcommit transaction[0m
  ↳ db/seeds.rb:29
  [1m[35m (0.1ms)[0m  [1m[36mbegin transaction[0m
  ↳ db/seeds.rb:27
  [1m[36mDoctor Create (0.6ms)[0m  [1m[32mINSERT INTO "doctors" ("id", "first_name", "last_name", "speciality", "zip_code", "created_at", "updated_at", "city_id") VALUES (?, ?, ?, ?, ?, ?, ?, ?)[0m  [["id", 2], ["first_name", "Kayleen"], ["last_name", "Nicolas"], ["speciality", "Docteur du ventre"], ["zip_code", "43325-2020"], ["created_at", "2019-10-24 16:13:44.088512"], ["updated_at", "2019-10-24 16:13:44.088512"], ["city_id", 7]]
  ↳ db/seeds.rb:27
  [1m[35m (1.7ms)[0m  [1m[36mcommit transaction[0m
  ↳ db/seeds.rb:27
  [1m[35m (0.1ms)[0m  [1m[36mbegin transaction[0m
  ↳ db/seeds.rb:29
  [1m[36mPatient Create (0.7ms)[0m  [1m[32mINSERT INTO "patients" ("id", "first_name", "last_name", "created_at", "updated_at", "city_id") VALUES (?, ?, ?, ?, ?, ?)[0m  [["id", 2], ["first_name", "Katina"], ["last_name", "Beier"], ["created_at", "2019-10-24 16:13:44.092968"], ["updated_at", "2019-10-24 16:13:44.092968"], ["city_id", 9]]
  ↳ db/seeds.rb:29
  [1m[35m (1.6ms)[0m  [1m[36mcommit transaction[0m
  ↳ db/seeds.rb:29
  [1m[35m (0.1ms)[0m  [1m[36mbegin transaction[0m
  ↳ db/seeds.rb:27
  [1m[36mDoctor Create (0.5ms)[0m  [1m[32mINSERT INTO "doctors" ("id", "first_name", "last_name", "speciality", "zip_code", "created_at", "updated_at", "city_id") VALUES (?, ?, ?, ?, ?, ?, ?, ?)[0m  [["id", 3], ["first_name", "Neil"], ["last_name", "Bogan"], ["speciality", "Docteur des pieds"], ["zip_code", "99747"], ["created_at", "2019-10-24 16:13:44.098251"], ["updated_at", "2019-10-24 16:13:44.098251"], ["city_id", 12]]
  ↳ db/seeds.rb:27
  [1m[35m (2.0ms)[0m  [1m[36mcommit transaction[0m
  ↳ db/seeds.rb:27
  [1m[35m (0.1ms)[0m  [1m[36mbegin transaction[0m
  ↳ db/seeds.rb:29
  [1m[36mPatient Create (0.8ms)[0m  [1m[32mINSERT INTO "patients" ("id", "first_name", "last_name", "created_at", "updated_at", "city_id") VALUES (?, ?, ?, ?, ?, ?)[0m  [["id", 3], ["first_name", "Joel"], ["last_name", "Stehr"], ["created_at", "2019-10-24 16:13:44.103764"], ["updated_at", "2019-10-24 16:13:44.103764"], ["city_id", 8]]
  ↳ db/seeds.rb:29
  [1m[35m (1.7ms)[0m  [1m[36mcommit transaction[0m
  ↳ db/seeds.rb:29
  [1m[35m (0.1ms)[0m  [1m[36mbegin transaction[0m
  ↳ db/seeds.rb:27
  [1m[36mDoctor Create (0.5ms)[0m  [1m[32mINSERT INTO "doctors" ("id", "first_name", "last_name", "speciality", "zip_code", "created_at", "updated_at", "city_id") VALUES (?, ?, ?, ?, ?, ?, ?, ?)[0m  [["id", 4], ["first_name", "Belkis"], ["last_name", "Durgan"], ["speciality", "Docteur du ventre"], ["zip_code", "64878"], ["created_at", "2019-10-24 16:13:44.110154"], ["updated_at", "2019-10-24 16:13:44.110154"], ["city_id", 9]]
  ↳ db/seeds.rb:27
  [1m[35m (1.7ms)[0m  [1m[36mcommit transaction[0m
  ↳ db/seeds.rb:27
  [1m[35m (0.1ms)[0m  [1m[36mbegin transaction[0m
  ↳ db/seeds.rb:29
  [1m[36mPatient Create (0.5ms)[0m  [1m[32mINSERT INTO "patients" ("id", "first_name", "last_name", "created_at", "updated_at", "city_id") VALUES (?, ?, ?, ?, ?, ?)[0m  [["id", 4], ["first_name", "Randall"], ["last_name", "Wuckert"], ["created_at", "2019-10-24 16:13:44.115983"], ["updated_at", "2019-10-24 16:13:44.115983"], ["city_id", 10]]
  ↳ db/seeds.rb:29
  [1m[35m (2.1ms)[0m  [1m[36mcommit transaction[0m
  ↳ db/seeds.rb:29
  [1m[35m (0.0ms)[0m  [1m[36mbegin transaction[0m
  ↳ db/seeds.rb:27
  [1m[36mDoctor Create (0.4ms)[0m  [1m[32mINSERT INTO "doctors" ("id", "first_name", "last_name", "speciality", "zip_code", "created_at", "updated_at", "city_id") VALUES (?, ?, ?, ?, ?, ?, ?, ?)[0m  [["id", 5], ["first_name", "Roland"], ["last_name", "Klein"], ["speciality", "Docteur du dos"], ["zip_code", "92694-1182"], ["created_at", "2019-10-24 16:13:44.121741"], ["updated_at", "2019-10-24 16:13:44.121741"], ["city_id", 8]]
  ↳ db/seeds.rb:27
  [1m[35m (1.9ms)[0m  [1m[36mcommit transaction[0m
  ↳ db/seeds.rb:27
  [1m[35m (0.1ms)[0m  [1m[36mbegin transaction[0m
  ↳ db/seeds.rb:29
  [1m[36mPatient Create (0.4ms)[0m  [1m[32mINSERT INTO "patients" ("id", "first_name", "last_name", "created_at", "updated_at", "city_id") VALUES (?, ?, ?, ?, ?, ?)[0m  [["id", 5], ["first_name", "Shaun"], ["last_name", "Jacobson"], ["created_at", "2019-10-24 16:13:44.126039"], ["updated_at", "2019-10-24 16:13:44.126039"], ["city_id", 7]]
  ↳ db/seeds.rb:29
  [1m[35m (1.9ms)[0m  [1m[36mcommit transaction[0m
  ↳ db/seeds.rb:29
  [1m[35m (0.1ms)[0m  [1m[36mbegin transaction[0m
  ↳ db/seeds.rb:37
  [1m[35m (0.1ms)[0m  [1m[31mrollback transaction[0m
  ↳ db/seeds.rb:37
  [1m[35m (0.0ms)[0m  [1m[36mbegin transaction[0m
  ↳ db/seeds.rb:37
  [1m[35m (0.0ms)[0m  [1m[31mrollback transaction[0m
  ↳ db/seeds.rb:37
  [1m[35m (0.0ms)[0m  [1m[36mbegin transaction[0m
  ↳ db/seeds.rb:37
  [1m[35m (0.0ms)[0m  [1m[31mrollback transaction[0m
  ↳ db/seeds.rb:37
  [1m[35m (0.0ms)[0m  [1m[36mbegin transaction[0m
  ↳ db/seeds.rb:37
  [1m[35m (0.0ms)[0m  [1m[31mrollback transaction[0m
  ↳ db/seeds.rb:37
  [1m[35m (0.0ms)[0m  [1m[36mbegin transaction[0m
  ↳ db/seeds.rb:37
  [1m[35m (0.0ms)[0m  [1m[31mrollback transaction[0m
  ↳ db/seeds.rb:37
  [1m[35m (0.0ms)[0m  [1m[36mbegin transaction[0m
  ↳ db/seeds.rb:37
  [1m[35m (0.0ms)[0m  [1m[31mrollback transaction[0m
  ↳ db/seeds.rb:37
  [1m[36mCity Load (0.9ms)[0m  [1m[34mSELECT "cities".* FROM "cities"[0m
  [1m[36mDoctor Load (0.2ms)[0m  [1m[34mSELECT "doctors".* FROM "doctors"[0m
